Using pre-set license
Built from '2022.3/staging' branch; Version is '2022.3.4f1 (35713cd46cd7) revision 3502396'; Using compiler version '192829333'; Build Type 'Release'
OS: 'Windows 11  (10.0.22621) 64bit CoreCountrySpecific' Language: 'zh' Physical Memory: 16252 MB
BatchMode: 1, IsHumanControllingUs: 0, StartBugReporterOnCrash: 0, Is64bit: 1, IsPro: 1

COMMAND LINE ARGUMENTS:
E:\Unity\2022.3.4f1\Editor\Unity.exe
-adb2
-batchMode
-noUpm
-name
AssetImportWorker9
-projectPath
E:/GitHub-Unity/GMTK-2023/GMTK2023
-logFile
Logs/AssetImportWorker9.log
-srvPort
53682
Successfully changed project path to: E:/GitHub-Unity/GMTK-2023/GMTK2023
E:/GitHub-Unity/GMTK-2023/GMTK2023
[UnityMemory] Configuration Parameters - Can be set up in boot.config
    "memorysetup-bucket-allocator-granularity=16"
    "memorysetup-bucket-allocator-bucket-count=8"
    "memorysetup-bucket-allocator-block-size=33554432"
    "memorysetup-bucket-allocator-block-count=8"
    "memorysetup-main-allocator-block-size=16777216"
    "memorysetup-thread-allocator-block-size=16777216"
    "memorysetup-gfx-main-allocator-block-size=16777216"
    "memorysetup-gfx-thread-allocator-block-size=16777216"
    "memorysetup-cache-allocator-block-size=4194304"
    "memorysetup-typetree-allocator-block-size=2097152"
    "memorysetup-profiler-bucket-allocator-granularity=16"
    "memorysetup-profiler-bucket-allocator-bucket-count=8"
    "memorysetup-profiler-bucket-allocator-block-size=33554432"
    "memorysetup-profiler-bucket-allocator-block-count=8"
    "memorysetup-profiler-allocator-block-size=16777216"
    "memorysetup-profiler-editor-allocator-block-size=1048576"
    "memorysetup-temp-allocator-size-main=16777216"
    "memorysetup-job-temp-allocator-block-size=2097152"
    "memorysetup-job-temp-allocator-block-size-background=1048576"
    "memorysetup-job-temp-allocator-reduction-small-platforms=262144"
    "memorysetup-allocator-temp-initial-block-size-main=262144"
    "memorysetup-allocator-temp-initial-block-size-worker=262144"
    "memorysetup-temp-allocator-size-background-worker=32768"
    "memorysetup-temp-allocator-size-job-worker=262144"
    "memorysetup-temp-allocator-size-preload-manager=33554432"
    "memorysetup-temp-allocator-size-nav-mesh-worker=65536"
    "memorysetup-temp-allocator-size-audio-worker=65536"
    "memorysetup-temp-allocator-size-cloud-worker=32768"
    "memorysetup-temp-allocator-size-gi-baking-worker=262144"
    "memorysetup-temp-allocator-size-gfx=262144"
Player connection [6856] Host "[IP] 192.168.2.100 [Port] 0 [Flags] 2 [Guid] 2221338566 [EditorId] 2221338566 [Version] 1048832 [Id] WindowsEditor(7,LAPTOP-VV64SM5D) [Debug] 1 [PackageName] WindowsEditor [ProjectName] Editor" joined multi-casting on [225.0.0.222:54997]...

Player connection [6856] Host "[IP] 192.168.2.100 [Port] 0 [Flags] 2 [Guid] 2221338566 [EditorId] 2221338566 [Version] 1048832 [Id] WindowsEditor(7,LAPTOP-VV64SM5D) [Debug] 1 [PackageName] WindowsEditor [ProjectName] Editor" joined alternative multi-casting on [225.0.0.222:34997]...

Refreshing native plugins compatible for Editor in 6.13 ms, found 4 plugins.
Preloading 0 native plugins for Editor in 0.00 ms.
Initialize engine version: 2022.3.4f1 (35713cd46cd7)
[Subsystems] Discovering subsystems at path E:/Unity/2022.3.4f1/Editor/Data/Resources/UnitySubsystems
[Subsystems] Discovering subsystems at path E:/GitHub-Unity/GMTK-2023/GMTK2023/Assets
GfxDevice: creating device client; threaded=0; jobified=0
Direct3D:
    Version:  Direct3D 11.0 [level 11.1]
    Renderer: NVIDIA GeForce RTX 3060 Laptop GPU (ID=0x2560)
    Vendor:   NVIDIA
    VRAM:     6009 MB
    Driver:   31.0.15.2849
Initialize mono
Mono path[0] = 'E:/Unity/2022.3.4f1/Editor/Data/Managed'
Mono path[1] = 'E:/Unity/2022.3.4f1/Editor/Data/MonoBleedingEdge/lib/mono/unityjit-win32'
Mono config path = 'E:/Unity/2022.3.4f1/Editor/Data/MonoBleedingEdge/etc'
Using monoOptions --debugger-agent=transport=dt_socket,embedding=1,server=y,suspend=n,address=127.0.0.1:56812
Begin MonoManager ReloadAssembly
Registering precompiled unity dll's ...
Register platform support module: E:/Unity/2022.3.4f1/Editor/Data/PlaybackEngines/WindowsStandaloneSupport/UnityEditor.WindowsStandalone.Extensions.dll
Registered in 0.002760 seconds.
- Loaded All Assemblies, in  0.260 seconds
Native extension for WindowsStandalone target not found
Mono: successfully reloaded assembly
- Finished resetting the current domain, in  0.226 seconds
Domain Reload Profiling: 486ms
	BeginReloadAssembly (78ms)
		ExecutionOrderSort (0ms)
		DisableScriptedObjects (0ms)
		BackupInstance (0ms)
		ReleaseScriptingObjects (0ms)
		CreateAndSetChildDomain (1ms)
	RebuildCommonClasses (28ms)
	RebuildNativeTypeToScriptingClass (8ms)
	initialDomainReloadingComplete (41ms)
	LoadAllAssembliesAndSetupDomain (105ms)
		LoadAssemblies (78ms)
		RebuildTransferFunctionScriptingTraits (0ms)
		AnalyzeDomain (102ms)
			TypeCache.Refresh (101ms)
				TypeCache.ScanAssembly (92ms)
			ScanForSourceGeneratedMonoScriptInfo (0ms)
			ResolveRequiredComponents (0ms)
	FinalizeReload (226ms)
		ReleaseScriptCaches (0ms)
		RebuildScriptCaches (0ms)
		SetupLoadedEditorAssemblies (180ms)
			LogAssemblyErrors (0ms)
			InitializePlatformSupportModulesInManaged (6ms)
			SetLoadedEditorAssemblies (6ms)
			RefreshPlugins (0ms)
			BeforeProcessingInitializeOnLoad (2ms)
			ProcessInitializeOnLoadAttributes (115ms)
			ProcessInitializeOnLoadMethodAttributes (51ms)
			AfterProcessingInitializeOnLoad (0ms)
			EditorAssembliesLoaded (0ms)
		ExecutionOrderSort2 (0ms)
		AwakeInstancesAfterBackupRestoration (0ms)
========================================================================
Worker process is ready to serve import requests
Begin MonoManager ReloadAssembly
- Loaded All Assemblies, in  0.601 seconds
Refreshing native plugins compatible for Editor in 2.57 ms, found 4 plugins.
Native extension for WindowsStandalone target not found
Mono: successfully reloaded assembly
- Finished resetting the current domain, in  0.511 seconds
Domain Reload Profiling: 1113ms
	BeginReloadAssembly (128ms)
		ExecutionOrderSort (0ms)
		DisableScriptedObjects (5ms)
		BackupInstance (0ms)
		ReleaseScriptingObjects (0ms)
		CreateAndSetChildDomain (19ms)
	RebuildCommonClasses (27ms)
	RebuildNativeTypeToScriptingClass (8ms)
	initialDomainReloadingComplete (31ms)
	LoadAllAssembliesAndSetupDomain (407ms)
		LoadAssemblies (237ms)
		RebuildTransferFunctionScriptingTraits (0ms)
		AnalyzeDomain (244ms)
			TypeCache.Refresh (226ms)
				TypeCache.ScanAssembly (215ms)
			ScanForSourceGeneratedMonoScriptInfo (15ms)
			ResolveRequiredComponents (3ms)
	FinalizeReload (512ms)
		ReleaseScriptCaches (0ms)
		RebuildScriptCaches (0ms)
		SetupLoadedEditorAssemblies (365ms)
			LogAssemblyErrors (0ms)
			InitializePlatformSupportModulesInManaged (4ms)
			SetLoadedEditorAssemblies (4ms)
			RefreshPlugins (0ms)
			BeforeProcessingInitializeOnLoad (57ms)
			ProcessInitializeOnLoadAttributes (280ms)
			ProcessInitializeOnLoadMethodAttributes (18ms)
			AfterProcessingInitializeOnLoad (2ms)
			EditorAssembliesLoaded (0ms)
		ExecutionOrderSort2 (0ms)
		AwakeInstancesAfterBackupRestoration (23ms)
Launched and connected shader compiler UnityShaderCompiler.exe after 0.09 seconds
Refreshing native plugins compatible for Editor in 3.79 ms, found 4 plugins.
Preloading 0 native plugins for Editor in 0.00 ms.
Unloading 4085 Unused Serialized files (Serialized files now loaded: 0)
Unloading 76 unused Assets / (2.7 MB). Loaded Objects now: 4533.
Memory consumption went from 171.0 MB to 168.3 MB.
Total: 8.630800 ms (FindLiveObjects: 0.677600 ms CreateObjectMapping: 0.436300 ms MarkObjects: 6.002400 ms  DeleteObjects: 1.512900 ms)

AssetImportParameters requested are different than current active one (requested -> active):
  custom:container-demuxer-ogg: 62fdf1f143b41e24485cea50d1cbac27 -> 
  custom:video-codec-MediaFoundation-h265: 746d11721c4dcdbdad8f713fa42b33f4 -> 
  custom:video-decoder-ogg-theora: a1e56fd34408186e4bbccfd4996cb3dc -> 
  custom:framework-win-MediaFoundation: 216162199b28c13a410421893ffa2e32 -> 
  custom:CustomObjectIndexerAttribute: 756ad292c208cfabdd7b50bc23989ffe -> 
  custom:container-demuxer-webm: 4f35f7cbe854078d1ac9338744f61a02 -> 
  custom:container-muxer-webm: aa71ff27fc2769a1b78a27578f13a17b -> 
  custom:video-decoder-webm-vp8: 9c59270c3fd7afecdb556c50c9e8de78 -> 
  custom:SearchIndexIgnoredProperties: e643bd26f0fe6173181afceb89e7c659 -> 
  custom:AudioImporter_EditorPlatform: d09bf68614088b80899f8185d706f6e7 -> 
  custom:video-encoder-webm-vp8: eb34c28f22e8b96e1ab97ce403110664 -> 
  custom:audio-decoder-ogg-vorbis: bf7c407c2cedff20999df2af8eb42d56 -> 
  custom:audio-encoder-webm-vorbis: bf7c407c2cedff20999df2af8eb42d56 -> 
========================================================================
Received Import Request.
  Time since last request: 40186.446164 seconds.
  path: Assets/Materials/Drawer/drawers_Normal_OpenGL.jpg
  artifactKey: Guid(4b2d253683f7ee543999ed462c086ec3) Importer(815301076,1909f56bfc062723c751e8b465ee728b)
Start importing Assets/Materials/Drawer/drawers_Normal_OpenGL.jpg using Guid(4b2d253683f7ee543999ed462c086ec3) Importer(815301076,1909f56bfc062723c751e8b465ee728b)  -> (artifact id: 'fcafa8ad3b4cc7b5211f77272b8980b8') in 0.062367 seconds
Number of updated asset objects reloaded before import = 0
Number of asset objects unloaded after import = 2
========================================================================
Received Import Request.
  Time since last request: 10.765563 seconds.
  path: Assets/Materials/MetalErode/MetalCorrodedHeavy001_NRM16_2K_METALNESS.tif
  artifactKey: Guid(1ad65424ea1e2b64bb555ac2651a4594) Importer(815301076,1909f56bfc062723c751e8b465ee728b)
Start importing Assets/Materials/MetalErode/MetalCorrodedHeavy001_NRM16_2K_METALNESS.tif using Guid(1ad65424ea1e2b64bb555ac2651a4594) Importer(815301076,1909f56bfc062723c751e8b465ee728b)  -> (artifact id: '6b20dc67b13a97e6783a78db002dcf78') in 0.011306 seconds
Number of updated asset objects reloaded before import = 0
Number of asset objects unloaded after import = 2
========================================================================
Received Import Request.
  Time since last request: 0.597521 seconds.
  path: Assets/Materials/WoodChair/Wooden kitchen chair_Normal.tga
  artifactKey: Guid(1d2a4cda11a431343becfb4f82ba7c38) Importer(815301076,1909f56bfc062723c751e8b465ee728b)
Start importing Assets/Materials/WoodChair/Wooden kitchen chair_Normal.tga using Guid(1d2a4cda11a431343becfb4f82ba7c38) Importer(815301076,1909f56bfc062723c751e8b465ee728b)  -> (artifact id: '9382b18cc918df7c7a63e36d4c21fbaf') in 0.018992 seconds
Number of updated asset objects reloaded before import = 0
Number of asset objects unloaded after import = 2
========================================================================
Received Import Request.
  Time since last request: 70.372425 seconds.
  path: Assets/Materials/LargeCloset/closet_normal.png
  artifactKey: Guid(77d70d2c9afb474488479efbfdde7b88) Importer(815301076,1909f56bfc062723c751e8b465ee728b)
Start importing Assets/Materials/LargeCloset/closet_normal.png using Guid(77d70d2c9afb474488479efbfdde7b88) Importer(815301076,1909f56bfc062723c751e8b465ee728b)  -> (artifact id: '712585f695ab9d723b3f812120918a6f') in 0.009355 seconds
Number of updated asset objects reloaded before import = 0
Number of asset objects unloaded after import = 2
========================================================================
Received Prepare
Begin MonoManager ReloadAssembly
- Loaded All Assemblies, in  0.559 seconds
Refreshing native plugins compatible for Editor in 2.53 ms, found 4 plugins.
Native extension for WindowsStandalone target not found
Mono: successfully reloaded assembly
- Finished resetting the current domain, in  0.836 seconds
Domain Reload Profiling: 1395ms
	BeginReloadAssembly (131ms)
		ExecutionOrderSort (0ms)
		DisableScriptedObjects (5ms)
		BackupInstance (0ms)
		ReleaseScriptingObjects (0ms)
		CreateAndSetChildDomain (34ms)
	RebuildCommonClasses (26ms)
	RebuildNativeTypeToScriptingClass (8ms)
	initialDomainReloadingComplete (21ms)
	LoadAllAssembliesAndSetupDomain (371ms)
		LoadAssemblies (214ms)
		RebuildTransferFunctionScriptingTraits (0ms)
		AnalyzeDomain (220ms)
			TypeCache.Refresh (217ms)
				TypeCache.ScanAssembly (207ms)
			ScanForSourceGeneratedMonoScriptInfo (0ms)
			ResolveRequiredComponents (3ms)
	FinalizeReload (837ms)
		ReleaseScriptCaches (0ms)
		RebuildScriptCaches (0ms)
		SetupLoadedEditorAssemblies (359ms)
			LogAssemblyErrors (0ms)
			InitializePlatformSupportModulesInManaged (4ms)
			SetLoadedEditorAssemblies (4ms)
			RefreshPlugins (0ms)
			BeforeProcessingInitializeOnLoad (63ms)
			ProcessInitializeOnLoadAttributes (267ms)
			ProcessInitializeOnLoadMethodAttributes (20ms)
			AfterProcessingInitializeOnLoad (2ms)
			EditorAssembliesLoaded (0ms)
		ExecutionOrderSort2 (0ms)
		AwakeInstancesAfterBackupRestoration (21ms)
Refreshing native plugins compatible for Editor in 4.37 ms, found 4 plugins.
Preloading 0 native plugins for Editor in 0.00 ms.
Unloading 3994 Unused Serialized files (Serialized files now loaded: 0)
Unloading 54 unused Assets / (2.7 MB). Loaded Objects now: 4542.
Memory consumption went from 154.4 MB to 151.7 MB.
Total: 40.800700 ms (FindLiveObjects: 2.063500 ms CreateObjectMapping: 14.361300 ms MarkObjects: 21.927300 ms  DeleteObjects: 2.446900 ms)

Prepare: number of updated asset objects reloaded= 0
AssetImportParameters requested are different than current active one (requested -> active):
  custom:container-demuxer-ogg: 62fdf1f143b41e24485cea50d1cbac27 -> 
  custom:video-codec-MediaFoundation-h265: 746d11721c4dcdbdad8f713fa42b33f4 -> 
  custom:video-decoder-ogg-theora: a1e56fd34408186e4bbccfd4996cb3dc -> 
  custom:framework-win-MediaFoundation: 216162199b28c13a410421893ffa2e32 -> 
  custom:CustomObjectIndexerAttribute: 756ad292c208cfabdd7b50bc23989ffe -> 
  custom:container-demuxer-webm: 4f35f7cbe854078d1ac9338744f61a02 -> 
  custom:container-muxer-webm: aa71ff27fc2769a1b78a27578f13a17b -> 
  custom:video-decoder-webm-vp8: 9c59270c3fd7afecdb556c50c9e8de78 -> 
  custom:SearchIndexIgnoredProperties: e643bd26f0fe6173181afceb89e7c659 -> 
  custom:AudioImporter_EditorPlatform: d09bf68614088b80899f8185d706f6e7 -> 
  custom:video-encoder-webm-vp8: eb34c28f22e8b96e1ab97ce403110664 -> 
  custom:audio-decoder-ogg-vorbis: bf7c407c2cedff20999df2af8eb42d56 -> 
  custom:audio-encoder-webm-vorbis: bf7c407c2cedff20999df2af8eb42d56 -> 
========================================================================
Received Prepare
Begin MonoManager ReloadAssembly
- Loaded All Assemblies, in  0.543 seconds
Refreshing native plugins compatible for Editor in 2.33 ms, found 4 plugins.
Native extension for WindowsStandalone target not found
Mono: successfully reloaded assembly
- Finished resetting the current domain, in  0.809 seconds
Domain Reload Profiling: 1352ms
	BeginReloadAssembly (132ms)
		ExecutionOrderSort (0ms)
		DisableScriptedObjects (4ms)
		BackupInstance (0ms)
		ReleaseScriptingObjects (0ms)
		CreateAndSetChildDomain (36ms)
	RebuildCommonClasses (25ms)
	RebuildNativeTypeToScriptingClass (8ms)
	initialDomainReloadingComplete (20ms)
	LoadAllAssembliesAndSetupDomain (355ms)
		LoadAssemblies (209ms)
		RebuildTransferFunctionScriptingTraits (0ms)
		AnalyzeDomain (210ms)
			TypeCache.Refresh (206ms)
				TypeCache.ScanAssembly (196ms)
			ScanForSourceGeneratedMonoScriptInfo (0ms)
			ResolveRequiredComponents (3ms)
	FinalizeReload (810ms)
		ReleaseScriptCaches (0ms)
		RebuildScriptCaches (0ms)
		SetupLoadedEditorAssemblies (347ms)
			LogAssemblyErrors (0ms)
			InitializePlatformSupportModulesInManaged (4ms)
			SetLoadedEditorAssemblies (5ms)
			RefreshPlugins (0ms)
			BeforeProcessingInitializeOnLoad (57ms)
			ProcessInitializeOnLoadAttributes (262ms)
			ProcessInitializeOnLoadMethodAttributes (17ms)
			AfterProcessingInitializeOnLoad (3ms)
			EditorAssembliesLoaded (0ms)
		ExecutionOrderSort2 (0ms)
		AwakeInstancesAfterBackupRestoration (22ms)
Refreshing native plugins compatible for Editor in 3.98 ms, found 4 plugins.
Preloading 0 native plugins for Editor in 0.00 ms.
Unloading 3994 Unused Serialized files (Serialized files now loaded: 0)
Unloading 54 unused Assets / (2.7 MB). Loaded Objects now: 4545.
Memory consumption went from 154.4 MB to 151.7 MB.
Total: 8.401800 ms (FindLiveObjects: 0.781300 ms CreateObjectMapping: 0.439800 ms MarkObjects: 5.891700 ms  DeleteObjects: 1.287900 ms)

Prepare: number of updated asset objects reloaded= 0
AssetImportParameters requested are different than current active one (requested -> active):
  custom:container-demuxer-ogg: 62fdf1f143b41e24485cea50d1cbac27 -> 
  custom:video-codec-MediaFoundation-h265: 746d11721c4dcdbdad8f713fa42b33f4 -> 
  custom:video-decoder-ogg-theora: a1e56fd34408186e4bbccfd4996cb3dc -> 
  custom:framework-win-MediaFoundation: 216162199b28c13a410421893ffa2e32 -> 
  custom:CustomObjectIndexerAttribute: 756ad292c208cfabdd7b50bc23989ffe -> 
  custom:container-demuxer-webm: 4f35f7cbe854078d1ac9338744f61a02 -> 
  custom:container-muxer-webm: aa71ff27fc2769a1b78a27578f13a17b -> 
  custom:video-decoder-webm-vp8: 9c59270c3fd7afecdb556c50c9e8de78 -> 
  custom:SearchIndexIgnoredProperties: e643bd26f0fe6173181afceb89e7c659 -> 
  custom:AudioImporter_EditorPlatform: d09bf68614088b80899f8185d706f6e7 -> 
  custom:video-encoder-webm-vp8: eb34c28f22e8b96e1ab97ce403110664 -> 
  custom:audio-decoder-ogg-vorbis: bf7c407c2cedff20999df2af8eb42d56 -> 
  custom:audio-encoder-webm-vorbis: bf7c407c2cedff20999df2af8eb42d56 -> 
========================================================================
Received Import Request.
  Time since last request: 835.703614 seconds.
  path: Assets/Materials/Desk/Desk_1_BaseColor-1K.jpg
  artifactKey: Guid(4a9017e99fdd48d47a1cbbb56b11c115) Importer(815301076,1909f56bfc062723c751e8b465ee728b)
Start importing Assets/Materials/Desk/Desk_1_BaseColor-1K.jpg using Guid(4a9017e99fdd48d47a1cbbb56b11c115) Importer(815301076,1909f56bfc062723c751e8b465ee728b)  -> (artifact id: 'bda6bcef29f7ebb9bfe47b1307ffa9e5') in 0.041608 seconds
Number of updated asset objects reloaded before import = 0
Number of asset objects unloaded after import = 2
========================================================================
Received Import Request.
  Time since last request: 475.787478 seconds.
  path: Assets/Materials/GasLamp/GWC_Wall_Gas_Lamp_01_BaseColor.png
  artifactKey: Guid(47956d3e7b8902e4495aa901f3c3a625) Importer(815301076,1909f56bfc062723c751e8b465ee728b)
Start importing Assets/Materials/GasLamp/GWC_Wall_Gas_Lamp_01_BaseColor.png using Guid(47956d3e7b8902e4495aa901f3c3a625) Importer(815301076,1909f56bfc062723c751e8b465ee728b)  -> (artifact id: '3c8f9dfed1d173a3c9a5960310ac0354') in 0.008291 seconds
Number of updated asset objects reloaded before import = 0
Number of asset objects unloaded after import = 2
========================================================================
Received Import Request.
  Time since last request: 0.000016 seconds.
  path: Assets/Materials/GasLamp/GWC_Wall_Gas_Lamp_01_Normal.jpg
  artifactKey: Guid(0ff863ff32f07a74a9416068be58401a) Importer(815301076,1909f56bfc062723c751e8b465ee728b)
Start importing Assets/Materials/GasLamp/GWC_Wall_Gas_Lamp_01_Normal.jpg using Guid(0ff863ff32f07a74a9416068be58401a) Importer(815301076,1909f56bfc062723c751e8b465ee728b)  -> (artifact id: 'f991f2ca5f1608c76de18febdc5d4874') in 0.006409 seconds
Number of updated asset objects reloaded before import = 0
Number of asset objects unloaded after import = 2
========================================================================
Received Import Request.
  Time since last request: 134.224024 seconds.
  path: Assets/Materials/GoldCage/Scene_-_Root_normal.jpg
  artifactKey: Guid(4db9ab598b4980346b3ce1f3290908eb) Importer(815301076,1909f56bfc062723c751e8b465ee728b)
Start importing Assets/Materials/GoldCage/Scene_-_Root_normal.jpg using Guid(4db9ab598b4980346b3ce1f3290908eb) Importer(815301076,1909f56bfc062723c751e8b465ee728b)  -> (artifact id: '8afb02d58ccd48ab2714f21d0376cb6a') in 0.007056 seconds
Number of updated asset objects reloaded before import = 0
Number of asset objects unloaded after import = 2
========================================================================
Received Import Request.
  Time since last request: 2.270928 seconds.
  path: Assets/Materials/LargeCloset/Drawer.mat
  artifactKey: Guid(40a05eabe161a0c4085eb8bd5309c13e) Importer(815301076,1909f56bfc062723c751e8b465ee728b)
Start importing Assets/Materials/LargeCloset/Drawer.mat using Guid(40a05eabe161a0c4085eb8bd5309c13e) Importer(815301076,1909f56bfc062723c751e8b465ee728b)  -> (artifact id: '73eabcf907325469d5e7ecb844d9dd82') in 0.049910 seconds
Number of updated asset objects reloaded before import = 0
Number of asset objects unloaded after import = 3
========================================================================
Received Import Request.
  Time since last request: 176.940714 seconds.
  path: Assets/Materials/ModernDesk/Wood027_4K_NormalGL.jpg
  artifactKey: Guid(1159fedd357303f45906cddac6f87c35) Importer(815301076,1909f56bfc062723c751e8b465ee728b)
Start importing Assets/Materials/ModernDesk/Wood027_4K_NormalGL.jpg using Guid(1159fedd357303f45906cddac6f87c35) Importer(815301076,1909f56bfc062723c751e8b465ee728b)  -> (artifact id: '535bbd5105d34ee6ce402b80e25e4236') in 0.007709 seconds
Number of updated asset objects reloaded before import = 0
Number of asset objects unloaded after import = 2
========================================================================
Received Import Request.
  Time since last request: 726.902528 seconds.
  path: Assets/Materials/Phone/20___Defaulthrhr_normal.jpg
  artifactKey: Guid(8057a38cf8a8db94b9eca4f1eed4a4ac) Importer(815301076,1909f56bfc062723c751e8b465ee728b)
Start importing Assets/Materials/Phone/20___Defaulthrhr_normal.jpg using Guid(8057a38cf8a8db94b9eca4f1eed4a4ac) Importer(815301076,1909f56bfc062723c751e8b465ee728b)  -> (artifact id: 'ab4a1f02c585356300a5eb045b0575fd') in 0.010511 seconds
Number of updated asset objects reloaded before import = 0
Number of asset objects unloaded after import = 2
========================================================================
Received Import Request.
  Time since last request: 568.440313 seconds.
  path: Assets/com.unity.probuilder@5.0.6/Content/Resources/Materials/Collider.mat
  artifactKey: Guid(bbb235fff4f48426b863b36058ab66d2) Importer(815301076,1909f56bfc062723c751e8b465ee728b)
Start importing Assets/com.unity.probuilder@5.0.6/Content/Resources/Materials/Collider.mat using Guid(bbb235fff4f48426b863b36058ab66d2) Importer(815301076,1909f56bfc062723c751e8b465ee728b)  -> (artifact id: '82cdf36c340616a6e9302aecb12c5af9') in 0.011501 seconds
Number of updated asset objects reloaded before import = 0
Number of asset objects unloaded after import = 2
========================================================================
Received Import Request.
  Time since last request: 0.000023 seconds.
  path: Assets/Materials/Drawer/Drawer.mat
  artifactKey: Guid(e11846346892f1247aa7729737d26daf) Importer(815301076,1909f56bfc062723c751e8b465ee728b)
Start importing Assets/Materials/Drawer/Drawer.mat using Guid(e11846346892f1247aa7729737d26daf) Importer(815301076,1909f56bfc062723c751e8b465ee728b)  -> (artifact id: '2d2ae19189a2fd4462a201f715a62731') in 0.020347 seconds
Number of updated asset objects reloaded before import = 0
Number of asset objects unloaded after import = 3
========================================================================
Received Import Request.
  Time since last request: 1051.199287 seconds.
  path: Assets/Materials/ChildrenBed/Fabric036_2K_Normal.png
  artifactKey: Guid(e00236e830389274a816afb7ea6b9171) Importer(815301076,1909f56bfc062723c751e8b465ee728b)
Start importing Assets/Materials/ChildrenBed/Fabric036_2K_Normal.png using Guid(e00236e830389274a816afb7ea6b9171) Importer(815301076,1909f56bfc062723c751e8b465ee728b)  -> (artifact id: 'a0dd39047acde642ac19de1d4c964668') in 0.025461 seconds
Number of updated asset objects reloaded before import = 0
Number of asset objects unloaded after import = 2
========================================================================
Received Import Request.
  Time since last request: 156.153927 seconds.
  path: Assets/Materials/Rope/Rope_Normal.jpg
  artifactKey: Guid(d48cd1bfb07b56b40adaaaaab49f663d) Importer(815301076,1909f56bfc062723c751e8b465ee728b)
Start importing Assets/Materials/Rope/Rope_Normal.jpg using Guid(d48cd1bfb07b56b40adaaaaab49f663d) Importer(815301076,1909f56bfc062723c751e8b465ee728b)  -> (artifact id: 'e76118e48ce4f160d78eefde68b5dac9') in 0.013528 seconds
Number of updated asset objects reloaded before import = 0
Number of asset objects unloaded after import = 2
