Using pre-set license
Built from '2022.3/staging' branch; Version is '2022.3.4f1 (35713cd46cd7) revision 3502396'; Using compiler version '192829333'; Build Type 'Release'
OS: 'Windows 10  (10.0.19042) 64bit Professional' Language: 'zh' Physical Memory: 32687 MB
BatchMode: 1, IsHumanControllingUs: 0, StartBugReporterOnCrash: 0, Is64bit: 1, IsPro: 1

COMMAND LINE ARGUMENTS:
C:\Program Files\Unity\Hub\Editor\2022.3.4f1\Editor\Unity.exe
-adb2
-batchMode
-noUpm
-name
AssetImportWorker3
-projectPath
D:/Github Repos/GMTK2023Real/GMTK2023
-logFile
Logs/AssetImportWorker3.log
-srvPort
55946
Successfully changed project path to: D:/Github Repos/GMTK2023Real/GMTK2023
D:/Github Repos/GMTK2023Real/GMTK2023
[UnityMemory] Configuration Parameters - Can be set up in boot.config
    "memorysetup-bucket-allocator-granularity=16"
    "memorysetup-bucket-allocator-bucket-count=8"
    "memorysetup-bucket-allocator-block-size=33554432"
    "memorysetup-bucket-allocator-block-count=8"
    "memorysetup-main-allocator-block-size=16777216"
    "memorysetup-thread-allocator-block-size=16777216"
    "memorysetup-gfx-main-allocator-block-size=16777216"
    "memorysetup-gfx-thread-allocator-block-size=16777216"
    "memorysetup-cache-allocator-block-size=4194304"
    "memorysetup-typetree-allocator-block-size=2097152"
    "memorysetup-profiler-bucket-allocator-granularity=16"
    "memorysetup-profiler-bucket-allocator-bucket-count=8"
    "memorysetup-profiler-bucket-allocator-block-size=33554432"
    "memorysetup-profiler-bucket-allocator-block-count=8"
    "memorysetup-profiler-allocator-block-size=16777216"
    "memorysetup-profiler-editor-allocator-block-size=1048576"
    "memorysetup-temp-allocator-size-main=16777216"
    "memorysetup-job-temp-allocator-block-size=2097152"
    "memorysetup-job-temp-allocator-block-size-background=1048576"
    "memorysetup-job-temp-allocator-reduction-small-platforms=262144"
    "memorysetup-allocator-temp-initial-block-size-main=262144"
    "memorysetup-allocator-temp-initial-block-size-worker=262144"
    "memorysetup-temp-allocator-size-background-worker=32768"
    "memorysetup-temp-allocator-size-job-worker=262144"
    "memorysetup-temp-allocator-size-preload-manager=33554432"
    "memorysetup-temp-allocator-size-nav-mesh-worker=65536"
    "memorysetup-temp-allocator-size-audio-worker=65536"
    "memorysetup-temp-allocator-size-cloud-worker=32768"
    "memorysetup-temp-allocator-size-gi-baking-worker=262144"
    "memorysetup-temp-allocator-size-gfx=262144"
Player connection [37876] Host "[IP] 26.26.26.1 [Port] 0 [Flags] 2 [Guid] 608501092 [EditorId] 608501092 [Version] 1048832 [Id] WindowsEditor(7,DESKTOP-E7TB19Q) [Debug] 1 [PackageName] WindowsEditor [ProjectName] Editor" joined multi-casting on [225.0.0.222:54997]...

Player connection [37876] Host "[IP] 26.26.26.1 [Port] 0 [Flags] 2 [Guid] 608501092 [EditorId] 608501092 [Version] 1048832 [Id] WindowsEditor(7,DESKTOP-E7TB19Q) [Debug] 1 [PackageName] WindowsEditor [ProjectName] Editor" joined alternative multi-casting on [225.0.0.222:34997]...

Refreshing native plugins compatible for Editor in 5.01 ms, found 4 plugins.
Preloading 0 native plugins for Editor in 0.00 ms.
Initialize engine version: 2022.3.4f1 (35713cd46cd7)
[Subsystems] Discovering subsystems at path C:/Program Files/Unity/Hub/Editor/2022.3.4f1/Editor/Data/Resources/UnitySubsystems
[Subsystems] Discovering subsystems at path D:/Github Repos/GMTK2023Real/GMTK2023/Assets
GfxDevice: creating device client; threaded=0; jobified=0
Direct3D:
    Version:  Direct3D 11.0 [level 11.1]
    Renderer: NVIDIA GeForce RTX 3080 (ID=0x2206)
    Vendor:   NVIDIA
    VRAM:     10067 MB
    Driver:   31.0.15.3179
Initialize mono
Mono path[0] = 'C:/Program Files/Unity/Hub/Editor/2022.3.4f1/Editor/Data/Managed'
Mono path[1] = 'C:/Program Files/Unity/Hub/Editor/2022.3.4f1/Editor/Data/MonoBleedingEdge/lib/mono/unityjit-win32'
Mono config path = 'C:/Program Files/Unity/Hub/Editor/2022.3.4f1/Editor/Data/MonoBleedingEdge/etc'
Using monoOptions --debugger-agent=transport=dt_socket,embedding=1,server=y,suspend=n,address=127.0.0.1:56488
Begin MonoManager ReloadAssembly
Registering precompiled unity dll's ...
Register platform support module: C:/Program Files/Unity/Hub/Editor/2022.3.4f1/Editor/Data/PlaybackEngines/WebGLSupport/UnityEditor.WebGL.Extensions.dll
Register platform support module: C:/Program Files/Unity/Hub/Editor/2022.3.4f1/Editor/Data/PlaybackEngines/MacStandaloneSupport/UnityEditor.OSXStandalone.Extensions.dll
Register platform support module: C:/Program Files/Unity/Hub/Editor/2022.3.4f1/Editor/Data/PlaybackEngines/WindowsStandaloneSupport/UnityEditor.WindowsStandalone.Extensions.dll
Register platform support module: C:/Program Files/Unity/Hub/Editor/2022.3.4f1/Editor/Data/PlaybackEngines/MetroSupport/UnityEditor.UWP.Extensions.dll
Registered in 0.013342 seconds.
- Loaded All Assemblies, in  0.299 seconds
Native extension for UWP target not found
Native extension for WindowsStandalone target not found
Native extension for OSXStandalone target not found
Native extension for WebGL target not found
Mono: successfully reloaded assembly
- Finished resetting the current domain, in  0.219 seconds
Domain Reload Profiling: 516ms
	BeginReloadAssembly (77ms)
		ExecutionOrderSort (0ms)
		DisableScriptedObjects (0ms)
		BackupInstance (0ms)
		ReleaseScriptingObjects (0ms)
		CreateAndSetChildDomain (1ms)
	RebuildCommonClasses (29ms)
	RebuildNativeTypeToScriptingClass (9ms)
	initialDomainReloadingComplete (58ms)
	LoadAllAssembliesAndSetupDomain (125ms)
		LoadAssemblies (76ms)
		RebuildTransferFunctionScriptingTraits (0ms)
		AnalyzeDomain (119ms)
			TypeCache.Refresh (118ms)
				TypeCache.ScanAssembly (107ms)
			ScanForSourceGeneratedMonoScriptInfo (0ms)
			ResolveRequiredComponents (0ms)
	FinalizeReload (219ms)
		ReleaseScriptCaches (0ms)
		RebuildScriptCaches (0ms)
		SetupLoadedEditorAssemblies (171ms)
			LogAssemblyErrors (0ms)
			InitializePlatformSupportModulesInManaged (14ms)
			SetLoadedEditorAssemblies (4ms)
			RefreshPlugins (0ms)
			BeforeProcessingInitializeOnLoad (2ms)
			ProcessInitializeOnLoadAttributes (112ms)
			ProcessInitializeOnLoadMethodAttributes (39ms)
			AfterProcessingInitializeOnLoad (0ms)
			EditorAssembliesLoaded (0ms)
		ExecutionOrderSort2 (0ms)
		AwakeInstancesAfterBackupRestoration (0ms)
========================================================================
Worker process is ready to serve import requests
Begin MonoManager ReloadAssembly
- Loaded All Assemblies, in  0.662 seconds
Refreshing native plugins compatible for Editor in 2.18 ms, found 4 plugins.
Native extension for UWP target not found
Native extension for WindowsStandalone target not found
Native extension for OSXStandalone target not found
Native extension for WebGL target not found
Mono: successfully reloaded assembly
- Finished resetting the current domain, in  0.527 seconds
Domain Reload Profiling: 1188ms
	BeginReloadAssembly (116ms)
		ExecutionOrderSort (0ms)
		DisableScriptedObjects (5ms)
		BackupInstance (0ms)
		ReleaseScriptingObjects (0ms)
		CreateAndSetChildDomain (20ms)
	RebuildCommonClasses (29ms)
	RebuildNativeTypeToScriptingClass (9ms)
	initialDomainReloadingComplete (36ms)
	LoadAllAssembliesAndSetupDomain (471ms)
		LoadAssemblies (255ms)
		RebuildTransferFunctionScriptingTraits (0ms)
		AnalyzeDomain (271ms)
			TypeCache.Refresh (250ms)
				TypeCache.ScanAssembly (238ms)
			ScanForSourceGeneratedMonoScriptInfo (17ms)
			ResolveRequiredComponents (4ms)
	FinalizeReload (527ms)
		ReleaseScriptCaches (0ms)
		RebuildScriptCaches (0ms)
		SetupLoadedEditorAssemblies (397ms)
			LogAssemblyErrors (0ms)
			InitializePlatformSupportModulesInManaged (12ms)
			SetLoadedEditorAssemblies (3ms)
			RefreshPlugins (0ms)
			BeforeProcessingInitializeOnLoad (54ms)
			ProcessInitializeOnLoadAttributes (305ms)
			ProcessInitializeOnLoadMethodAttributes (16ms)
			AfterProcessingInitializeOnLoad (7ms)
			EditorAssembliesLoaded (0ms)
		ExecutionOrderSort2 (0ms)
		AwakeInstancesAfterBackupRestoration (6ms)
Launched and connected shader compiler UnityShaderCompiler.exe after 0.04 seconds
Refreshing native plugins compatible for Editor in 3.24 ms, found 4 plugins.
Preloading 0 native plugins for Editor in 0.00 ms.
Unloading 4487 Unused Serialized files (Serialized files now loaded: 0)
Unloading 83 unused Assets / (2.7 MB). Loaded Objects now: 4936.
Memory consumption went from 183.2 MB to 180.5 MB.
Total: 6.826400 ms (FindLiveObjects: 0.477800 ms CreateObjectMapping: 0.852200 ms MarkObjects: 4.416800 ms  DeleteObjects: 1.078000 ms)

AssetImportParameters requested are different than current active one (requested -> active):
  custom:scripting/monoscript/fileName/finalDialouge.cs: d71e4be0b9a9a712ca964944e3a1c3d2 -> 
  custom:scripting/monoscript/fileName/chair.cs: c330245931779184d8ab5a3e0f9ce0b6 -> 
  custom:container-demuxer-ogg: 62fdf1f143b41e24485cea50d1cbac27 -> 
  custom:scripting/monoscript/fileName/diary.cs: 097fc70c8add920276834e1621c5b518 -> 
  custom:scripting/monoscript/fileName/finalBackgroundMusic.cs: 298f46d21442a31146f5762f2bcddbaa -> 30ddf9c2bd0b3ef1b7077924edc7c90c
  custom:scripting/monoscript/fileName/safeKey.cs: d65207407acf3925914455b02c645fd4 -> 
  custom:scripting/monoscript/fileName/sideToMainDetect.cs: 29d4387b75c3ccea7ffe73fb8b6e1d1d -> 
  custom:video-decoder-ogg-theora: a1e56fd34408186e4bbccfd4996cb3dc -> 
  custom:scripting/monoscript/fileName/JamesNote.cs: fc8d5ed2f3c8fe2cc345ef3378b34e4f -> 
  custom:scripting/monoscript/fileName/introControl.cs: d7be0ff82685a39baa9413193ddefce3 -> 350a1f7b2f89820a00b4a8719d31a5f9
  custom:scripting/monoscript/fileName/mainSideConnectedDoor.cs: 5889b7a453bba2ad3f588357914e7838 -> 
  custom:scripting/monoscript/fileName/bathToSide.cs: 86107d4c63b3f558053819d224a4adec -> 
  custom:framework-win-MediaFoundation: 216162199b28c13a410421893ffa2e32 -> 
  custom:scripting/monoscript/fileName/mainDoor.cs: ba267c7520cec70fbe6205cd9aaaf237 -> 
  custom:scripting/monoscript/fileName/safe.cs: bbdd5c8d6a1c8b59ad92254f426b7949 -> e6be1b25ad5d60a68d99dbd18f2393a1
  custom:scripting/monoscript/fileName/bottles.cs: 76366730aed3f39de55bf286ca9d839f -> 0bebec980c0b6d32fd5b5b5c9bf87df1
  custom:CustomObjectIndexerAttribute: 756ad292c208cfabdd7b50bc23989ffe -> 
  custom:scripting/monoscript/fileName/Inventory.cs: b79a38350917b6ca6b1730278606b037 -> d078795b7125c8d5b747e156a3e12651
  custom:container-demuxer-webm: 4f35f7cbe854078d1ac9338744f61a02 -> 
  custom:scripting/monoscript/fileName/playerCam.cs: 7148fe23d101b0254ab36743b2cc6a43 -> 
  custom:scripting/monoscript/fileName/timeReset.cs: 312d5e49558328671500e0c4419136a3 -> 
  custom:scripting/monoscript/fileName/lightControl.cs: 2ad2b8a3e7c56d2baaffc8dfa692d9f0 -> 705752549800b229f56bde051121fc9c
  custom:scripting/monoscript/fileName/upperDrawer.cs: 9730f22402007db496fe6f3ce85cb172 -> 
  custom:container-muxer-webm: aa71ff27fc2769a1b78a27578f13a17b -> 
  custom:video-decoder-webm-vp8: 9c59270c3fd7afecdb556c50c9e8de78 -> 
  custom:scripting/monoscript/fileName/mainDoorKey.cs: da217d0a26387f631cdcd38f1ab9e3cf -> 
  custom:scripting/monoscript/fileName/screwdriver.cs: a7cce9226d7089bb5115289a7403e2da -> 
  custom:SearchIndexIgnoredProperties: e643bd26f0fe6173181afceb89e7c659 -> 
  custom:AudioImporter_EditorPlatform: d09bf68614088b80899f8185d706f6e7 -> 
  custom:scripting/monoscript/fileName/finalLetter.cs: 2b7debe9d6186fa3fa1f33bd72f58abd -> 
  custom:scripting/monoscript/fileName/sideDoorAnimation.cs: 59a07e41f076334b50cb07f80bd65ffc -> 
  custom:scripting/monoscript/fileName/digitalClockControll.cs: dad83afdb1801400023201d276bb9324 -> 
  custom:scripting/monoscript/fileName/finalLetterControl.cs: 89e5d062597d93b5642701bfef0f7f19 -> 
  custom:scripting/monoscript/fileName/letterControl.cs: e7ce4ecb29c061b1e6835be82979867f -> e1b8912766714055fb1097c389759ae5
  custom:scripting/monoscript/fileName/digitControl.cs: 8841883426f245ee0a96f410e3d110e5 -> 
  custom:scripting/monoscript/fileName/finalManagement.cs: 6b39f9ae279d5ccec8abcd30b56a80c6 -> 
  custom:scripting/monoscript/fileName/battery.cs: 3dfd7fecfab71744bbfafb1f685e85e1 -> 
  custom:video-encoder-webm-vp8: eb34c28f22e8b96e1ab97ce403110664 -> 
  custom:audio-decoder-ogg-vorbis: bf7c407c2cedff20999df2af8eb42d56 -> 
  custom:scripting/monoscript/fileName/doctorNote.cs: a7613a9f94e156276ab2a2f5eee47b13 -> 
  custom:scripting/monoscript/fileName/EventSystem.cs: a09633bd63ea01e396f421fb782a1e26 -> fa5a3f153198fe932da1eb7d5af83c3f
  custom:scripting/monoscript/fileName/LowerDrawer.cs: 029ddf1c8a840566abb5320aab5dd5c3 -> 
  custom:scripting/monoscript/fileName/mainDoorAnimation.cs: f8f550234fb682790d9fd5eece633b39 -> 
  custom:scripting/monoscript/fileName/flashLight.cs: 05c667b71ad725c73933bf406a0c8bfd -> 381c3a2a1dc5ebbaf43c144b317ab461
  custom:scripting/monoscript/fileName/frame.cs: a950be673892c74c9a1d58c9f4a99143 -> 
  custom:audio-encoder-webm-vorbis: bf7c407c2cedff20999df2af8eb42d56 -> 
  custom:scripting/monoscript/fileName/otherLetterControl.cs: 1425269595dbf502ba676a7aa4ed49af -> 
  custom:scripting/monoscript/fileName/mainToSideDetect.cs: c605c5aa8068f0e3ccdd5fde22a510ae -> 
  custom:scripting/monoscript/fileName/IInteraction.cs: f1230ec92966f566fd6bbe95ee8c1e67 -> 633f6dc05f9b199560e0b08bf759b026
  custom:scripting/monoscript/fileName/endTrigger.cs: c97c9964ca7a3380686adde1c021cdaf -> 
Editor requested this worker to shutdown with reason: Scaling down because of idle timeout
TcpMessagingSession - receive error: operation aborted. errorcode: 995, details: 由于线程退出或应用程序请求，已中止 I/O 操作。
AssetImportWorker is now disconnected from the server
Process exiting
Exiting without the bug reporter. Application will terminate with return code 0